TN:
SF:src/repository/mock.repository.ts
FN:6,create
FN:14,update
FN:18,delete
FN:22,findOne
FN:26,find
FN:30,findById
FNF:6
FNH:1
FNDA:1,create
FNDA:0,update
FNDA:0,delete
FNDA:0,findOne
FNDA:0,find
FNDA:0,findById
DA:1,1
DA:2,1
DA:3,1
DA:4,1
DA:5,1
DA:6,1
DA:7,1
DA:8,1
DA:9,1
DA:10,1
DA:11,1
DA:12,1
DA:13,1
DA:14,1
DA:15,0
DA:16,0
DA:17,1
DA:18,1
DA:19,0
DA:20,0
DA:21,1
DA:22,1
DA:23,0
DA:24,0
DA:25,1
DA:26,1
DA:27,0
DA:28,0
DA:29,1
DA:30,1
DA:31,0
DA:32,0
DA:33,1
DA:34,1
DA:35,1
LF:35
LH:25
BRDA:6,0,0,1
BRDA:7,1,0,1
BRF:2
BRH:2
end_of_record
TN:
SF:src/service/catalog.service.ts
FN:7,CatalogService
FN:11,createProduct
FN:19,updateProduct
FN:21,deleteProduct
FN:23,getProduct
FN:25,getProducts
FNF:6
FNH:2
FNDA:3,CatalogService
FNDA:3,createProduct
FNDA:0,updateProduct
FNDA:0,deleteProduct
FNDA:0,getProduct
FNDA:0,getProducts
DA:1,1
DA:2,1
DA:3,1
DA:4,1
DA:5,1
DA:6,1
DA:7,1
DA:8,3
DA:9,3
DA:10,1
DA:11,1
DA:12,3
DA:13,3
DA:14,1
DA:15,1
DA:16,1
DA:17,1
DA:18,1
DA:19,1
DA:20,1
DA:21,1
DA:22,1
DA:23,1
DA:24,1
DA:25,1
DA:26,1
LF:26
LH:26
BRDA:7,0,0,3
BRDA:11,1,0,3
BRDA:13,2,0,2
BRDA:13,3,0,1
BRF:4
BRH:4
end_of_record
