TN:
SF:src/api/catalog.routes.ts
FNF:0
FNH:0
DA:1,1
DA:2,1
DA:3,1
DA:4,1
DA:5,1
DA:6,1
DA:7,1
DA:8,1
DA:9,1
DA:10,1
DA:11,1
DA:12,3
DA:13,3
DA:14,3
DA:15,3
DA:16,2
DA:17,2
DA:18,1
DA:19,1
DA:20,1
DA:21,1
DA:22,1
DA:23,1
DA:24,3
DA:25,1
DA:26,1
DA:27,3
DA:28,3
DA:29,3
DA:30,3
DA:31,3
DA:32,3
DA:33,2
DA:34,2
DA:35,1
DA:36,1
DA:37,1
DA:38,1
DA:39,1
DA:40,1
DA:41,3
DA:42,1
DA:43,1
DA:44,1
DA:45,1
DA:46,1
DA:47,1
DA:48,1
DA:49,1
DA:50,1
DA:51,0
DA:52,0
DA:53,0
DA:54,1
DA:55,1
DA:56,1
DA:57,1
DA:58,1
DA:59,1
DA:60,1
DA:61,1
DA:62,1
DA:63,0
DA:64,0
DA:65,0
DA:66,1
DA:67,1
DA:68,1
DA:69,1
DA:70,1
DA:71,1
DA:72,1
DA:73,1
DA:74,1
DA:75,0
DA:76,0
DA:77,0
DA:78,1
DA:79,1
DA:80,1
LF:80
LH:71
BRDA:11,0,0,3
BRDA:11,1,0,3
BRDA:15,2,0,1
BRDA:16,3,0,2
BRDA:18,4,0,1
BRDA:26,5,0,3
BRDA:26,6,0,3
BRDA:30,7,0,0
BRDA:32,8,0,1
BRDA:33,9,0,2
BRDA:35,10,0,1
BRDA:43,11,0,1
BRDA:43,12,0,1
BRDA:50,13,0,0
BRDA:56,14,0,1
BRDA:56,15,0,1
BRDA:57,16,0,0
BRDA:62,17,0,0
BRDA:68,18,0,1
BRDA:68,19,0,1
BRDA:69,20,0,0
BRDA:74,21,0,0
BRF:22
BRH:16
end_of_record
TN:
SF:src/dto/product.dto.ts
FNF:0
FNH:0
DA:1,1
DA:2,1
DA:3,1
DA:4,1
DA:5,1
DA:6,1
DA:7,1
DA:8,1
DA:9,1
DA:10,1
DA:11,1
DA:12,1
DA:13,1
DA:14,1
DA:15,1
DA:16,1
DA:17,1
DA:18,1
DA:19,1
DA:20,1
DA:21,1
DA:22,1
DA:23,1
DA:24,1
DA:25,1
DA:26,1
DA:27,1
DA:28,1
DA:29,1
LF:29
LH:29
BRF:0
BRH:0
end_of_record
TN:
SF:src/repository/catalog.repository.ts
FN:6,create
FN:9,update
FN:12,delete
FN:15,findOne
FN:18,find
FN:21,findById
FNF:6
FNH:0
FNDA:0,create
FNDA:0,update
FNDA:0,delete
FNDA:0,findOne
FNDA:0,find
FNDA:0,findById
DA:1,1
DA:2,1
DA:3,1
DA:4,1
DA:5,1
DA:6,1
DA:7,0
DA:8,0
DA:9,1
DA:10,0
DA:11,0
DA:12,1
DA:13,0
DA:14,0
DA:15,1
DA:16,0
DA:17,0
DA:18,1
DA:19,0
DA:20,0
DA:21,1
DA:22,0
DA:23,0
DA:24,1
DA:25,1
DA:26,1
LF:26
LH:14
BRF:0
BRH:0
end_of_record
TN:
SF:src/service/catalog.service.ts
FN:7,CatalogService
FN:11,createProduct
FN:19,updateProduct
FN:29,deleteProduct
FN:34,getProduct
FN:41,getProducts
FNF:6
FNH:1
FNDA:1,CatalogService
FNDA:0,createProduct
FNDA:0,updateProduct
FNDA:0,deleteProduct
FNDA:0,getProduct
FNDA:0,getProducts
DA:1,1
DA:2,1
DA:3,1
DA:4,1
DA:5,1
DA:6,1
DA:7,1
DA:8,1
DA:9,1
DA:10,1
DA:11,1
DA:12,0
DA:13,0
DA:14,0
DA:15,0
DA:16,0
DA:17,0
DA:18,1
DA:19,1
DA:20,0
DA:21,0
DA:22,0
DA:23,0
DA:24,0
DA:25,0
DA:26,0
DA:27,0
DA:28,1
DA:29,1
DA:30,0
DA:31,0
DA:32,0
DA:33,1
DA:34,1
DA:35,0
DA:36,0
DA:37,0
DA:38,0
DA:39,1
DA:40,1
DA:41,1
DA:42,0
DA:43,0
DA:44,0
DA:45,1
LF:45
LH:21
BRDA:7,0,0,1
BRF:1
BRH:1
end_of_record
TN:
SF:src/utils/requestValidator.ts
FN:4,validationError
FN:12,RequestValidator
FNF:2
FNH:2
FNDA:6,validationError
FNDA:6,RequestValidator
DA:1,1
DA:2,1
DA:3,1
DA:4,1
DA:5,6
DA:6,6
DA:7,2
DA:8,2
DA:9,4
DA:10,4
DA:11,1
DA:12,1
DA:13,6
DA:14,6
DA:15,6
DA:16,6
DA:17,6
DA:18,2
DA:19,2
DA:20,2
DA:21,2
DA:22,2
DA:23,4
DA:24,4
DA:25,4
DA:26,4
DA:27,4
DA:28,4
LF:28
LH:28
BRDA:4,0,0,6
BRDA:4,1,0,6
BRDA:6,2,0,2
BRDA:9,3,0,4
BRDA:12,4,0,6
BRDA:12,5,0,6
BRDA:17,6,0,2
BRDA:23,7,0,4
BRDA:18,8,0,2
BRF:9
BRH:9
end_of_record
TN:
SF:src/utils/fixtures/index.ts
FNF:0
FNH:0
DA:1,1
DA:2,1
DA:3,1
DA:4,1
DA:5,1
DA:6,1
DA:7,1
DA:8,1
DA:9,1
DA:10,1
LF:10
LH:10
BRF:0
BRH:0
end_of_record
